<?xml version="1.0" encoding="UTF-8"?>
<testsuite xmlns:xsi="http://www.w3.org/2001/XMLSchema-instance" xsi:noNamespaceSchemaLocation="https://maven.apache.org/surefire/maven-surefire-plugin/xsd/surefire-test-report-3.0.xsd" version="3.0" name="com.rpacloud.execution.process.ProcessManagerTest" time="0.105" tests="6" errors="0" skipped="0" failures="0">
  <properties>
[...]
</properties>
  <testcase name="doubleRegisterThrows" classname="com.rpacloud.execution.process.ProcessManagerTest" time="0.011">
    <system-out><![CDATA[2026-02-15T02:29:44.414+08:00  INFO 80064 --- [           main] c.r.execution.process.ProcessManager     : Registered process for flow 1, PID: 74576
]]></system-out>
  </testcase>
  <testcase name="getRunningFlowIds" classname="com.rpacloud.execution.process.ProcessManagerTest" time="0.009">
    <system-out><![CDATA[2026-02-15T02:29:44.423+08:00  INFO 80064 --- [           main] c.r.execution.process.ProcessManager     : Registered process for flow 1, PID: 5020
2026-02-15T02:29:44.423+08:00  INFO 80064 --- [           main] c.r.execution.process.ProcessManager     : Registered process for flow 2, PID: 79296
]]></system-out>
  </testcase>
  <testcase name="stopRequestTracking" classname="com.rpacloud.execution.process.ProcessManagerTest" time="0.001"/>
  <testcase name="registerAndIsRunning" classname="com.rpacloud.execution.process.ProcessManagerTest" time="0.078">
    <system-out><![CDATA[2026-02-15T02:29:44.504+08:00  INFO 80064 --- [           main] c.r.execution.process.ProcessManager     : Registered process for flow 1, PID: 79544
]]></system-out>
  </testcase>
  <testcase name="forceStopKillsProcess" classname="com.rpacloud.execution.process.ProcessManagerTest" time="0.005">
    <system-out><![CDATA[2026-02-15T02:29:44.508+08:00  INFO 80064 --- [           main] c.r.execution.process.ProcessManager     : Registered process for flow 1, PID: 79224
2026-02-15T02:29:44.508+08:00  INFO 80064 --- [           main] c.r.execution.process.ProcessManager     : Gracefully terminated process for flow 1
]]></system-out>
  </testcase>
  <testcase name="isRunningReturnsFalseForUnknownFlow" classname="com.rpacloud.execution.process.ProcessManagerTest" time="0.001"/>
</testsuite>